
2023/04/16 (14:13:50) | ===> btop++ v.1.2.3
2023/04/16 (14:13:50) | ERROR: Net::collect() -> getifaddrs() failed with id -1
2023/04/16 (14:13:51) | ERROR: Net::collect() -> getifaddrs() failed with id -1
2023/04/16 (14:13:51) | ERROR: Net::collect() -> getifaddrs() failed with id -1

2023/10/31 (20:23:47) | ===> btop++ v.1.2.13
2023/10/31 (20:23:47) | ERROR: No UTF-8 locale detected!
Use --utf-force argument to force start if you're sure your terminal can handle it.

2023/11/01 (01:45:41) | ===> btop++ v.1.2.13
2023/11/01 (01:45:41) | ERROR: No UTF-8 locale detected!
Use --utf-force argument to force start if you're sure your terminal can handle it.

2023/11/01 (01:45:56) | ===> btop++ v.1.2.13
2023/11/01 (01:45:56) | WARNING: No UTF-8 locale detected! Forcing start with --utf-force argument.

2023/11/01 (02:44:18) | ===> btop++ v.1.2.13
2023/11/01 (02:44:18) | ERROR: No UTF-8 locale detected!
Use --utf-force argument to force start if you're sure your terminal can handle it.

2023/11/01 (02:44:31) | ===> btop++ v.1.2.13
2023/11/01 (02:44:31) | WARNING: No UTF-8 locale detected! Forcing start with --utf-force argument.

2023/11/08 (05:51:51) | ===> btop++ v.1.2.13
2023/11/08 (05:51:51) | ERROR: No UTF-8 locale detected!
Use --utf-force argument to force start if you're sure your terminal can handle it.
